Build started 10/30/2015 10:14:35 AM.
     1>Project "C:\Users\Jansen\Documents\Visual Studio 2013\Projects\455 Lab 4\455 Lab 4\455 Lab 4.vcxproj" on node 2 (Build target(s)).
     1>ClCompile:
         C:\Program Files (x86)\Microsoft Visual Studio 12.0\VC\bin\CL.exe /c /ZI /nologo /W3 /WX- /sdl /Od /Oy- /D WIN32 /D _DEBUG /D _CONSOLE /D _LIB /D _UNICODE /D UNICODE /Gm /EHsc /RTC1 /MDd /GS /fp:precise /Zc:wchar_t /Zc:forScope /Yu"stdafx.h" /Fp"Debug\455 Lab 4.pch" /Fo"Debug\\" /Fd"Debug\vc120.pdb" /Gd /TP /analyze- /errorReport:prompt "455 Lab 4.cpp"
         455 Lab 4.cpp
     1>c:\users\jansen\documents\visual studio 2013\projects\455 lab 4\455 lab 4\455 lab 4.cpp(581): warning C4018: '<' : signed/unsigned mismatch
       Link:
         C:\Program Files (x86)\Microsoft Visual Studio 12.0\VC\bin\link.exe /ERRORREPORT:PROMPT /OUT:"C:\Users\Jansen\Documents\Visual Studio 2013\Projects\455 Lab 4\Debug\455 Lab 4.exe" /INCREMENTAL /NOLOGO kernel32.lib user32.lib gdi32.lib winspool.lib comdlg32.lib advapi32.lib shell32.lib ole32.lib oleaut32.lib uuid.lib odbc32.lib odbccp32.lib opengl32.lib glu32.lib glut32.lib SOIL.lib libstem_gamepad.lib kernel32.lib user32.lib gdi32.lib winspool.lib comdlg32.lib advapi32.lib shell32.lib ole32.lib oleaut32.lib uuid.lib odbc32.lib odbccp32.lib /MANIFEST /MANIFESTUAC:"level='asInvoker' uiAccess='false'" /manifest:embed /DEBUG /PDB:"C:\Users\Jansen\Documents\Visual Studio 2013\Projects\455 Lab 4\Debug\455 Lab 4.pdb" /SUBSYSTEM:CONSOLE /TLBID:1 /DYNAMICBASE /NXCOMPAT /IMPLIB:"C:\Users\Jansen\Documents\Visual Studio 2013\Projects\455 Lab 4\Debug\455 Lab 4.lib" /MACHINE:X86 "Debug\455 Lab 4.obj"
         Debug\objParsedData.obj
         Debug\stdafx.obj
         SOIL.lib(SOIL.obj) : MSIL .netmodule or module compiled with /GL found; restarting link with /LTCG; add /LTCG to the link command line to improve linker performance
     1>LINK : warning LNK4075: ignoring '/INCREMENTAL' due to '/LTCG' specification
     1>455 Lab 4.obj : warning LNK4075: ignoring '/EDITANDCONTINUE' due to '/OPT:LBR' specification
     1>LINK : warning LNK4098: defaultlib 'MSVCRT' conflicts with use of other libs; use /NODEFAULTLIB:library
         Generating code
         Finished generating code
         455 Lab 4.vcxproj -> C:\Users\Jansen\Documents\Visual Studio 2013\Projects\455 Lab 4\Debug\455 Lab 4.exe
     1>Done Building Project "C:\Users\Jansen\Documents\Visual Studio 2013\Projects\455 Lab 4\455 Lab 4\455 Lab 4.vcxproj" (Build target(s)).

Build succeeded.

Time Elapsed 00:00:03.23
